<?xml version="1.0" encoding="UTF-8"?>
<!-- Generated by org.testng.reporters.JUnitReportReporter -->
<testsuite skipped="0" hostname="sasmisah" name="com.training.sanity.tests.Med_RTTC_055" tests="1" failures="0" timestamp="08 Jul 2019 09:59:14 GMT" time="81.991" errors="0">
  <testcase name="validLoginTest" time="81.991" classname="com.training.sanity.tests.Med_RTTC_055"/>
</testsuite> <!-- com.training.sanity.tests.Med_RTTC_055 -->
