<?xml version="1.0" encoding="UTF-8"?>
<!-- Generated by org.testng.reporters.JUnitReportReporter -->
<testsuite skipped="0" hostname="sasmisah" name="com.training.sanity.tests.complex_RTTC_082" tests="4" failures="0" timestamp="11 Jul 2019 11:45:09 GMT" time="106.421" errors="0">
  <testcase name="validLoginTest" time="26.645" classname="com.training.sanity.tests.complex_RTTC_082"/>
  <testcase name="validLoginTest" time="25.220" classname="com.training.sanity.tests.complex_RTTC_082"/>
  <testcase name="validLoginTest" time="27.146" classname="com.training.sanity.tests.complex_RTTC_082"/>
  <testcase name="validLoginTest" time="27.410" classname="com.training.sanity.tests.complex_RTTC_082"/>
</testsuite> <!-- com.training.sanity.tests.complex_RTTC_082 -->
