<?xml version="1.0" encoding="UTF-8"?>
<!-- Generated by org.testng.reporters.JUnitReportReporter -->
<testsuite skipped="0" hostname="sasmisah" name="com.training.sanity.tests.complex_RTTC_081" tests="1" failures="0" timestamp="11 Jul 2019 11:29:34 GMT" time="35.175" errors="0">
  <testcase name="validLoginTest" time="35.175" classname="com.training.sanity.tests.complex_RTTC_081"/>
</testsuite> <!-- com.training.sanity.tests.complex_RTTC_081 -->
