<?xml version="1.0" encoding="UTF-8"?>
<!-- Generated by org.testng.reporters.JUnitReportReporter -->
<testsuite skipped="0" hostname="sasmisah" name="com.training.sanity.tests.RTTC_025" tests="1" failures="0" timestamp="10 Jul 2019 05:00:59 GMT" time="55.146" errors="0">
  <testcase name="validLoginTest" time="55.146" classname="com.training.sanity.tests.RTTC_025"/>
</testsuite> <!-- com.training.sanity.tests.RTTC_025 -->
