<?xml version="1.0" encoding="UTF-8"?>
<!-- Generated by org.testng.reporters.JUnitReportReporter -->
<testsuite skipped="0" hostname="sasmisah" name="com.training.sanity.tests.RTTC_025" tests="1" failures="0" timestamp="28 Jun 2019 07:07:37 GMT" time="30.605" errors="0">
  <testcase name="validLoginTest" time="30.605" classname="com.training.sanity.tests.RTTC_025"/>
</testsuite> <!-- com.training.sanity.tests.RTTC_025 -->
