<?xml version="1.0" encoding="UTF-8"?>
<!-- Generated by org.testng.reporters.JUnitReportReporter -->
<testsuite skipped="0" hostname="sasmisah" name="com.training.sanity.tests.complex_RTTC_084" tests="1" failures="0" timestamp="12 Jul 2019 09:50:53 GMT" time="101.759" errors="0">
  <testcase name="validLoginTest" time="101.759" classname="com.training.sanity.tests.complex_RTTC_084"/>
</testsuite> <!-- com.training.sanity.tests.complex_RTTC_084 -->
