<?xml version="1.0" encoding="UTF-8"?>
<!-- Generated by org.testng.reporters.JUnitReportReporter -->
<testsuite skipped="0" hostname="sasmisah" name="com.training.sanity.tests.Med_RTTC_054" tests="1" failures="0" timestamp="08 Jul 2019 09:57:17 GMT" time="67.731" errors="0">
  <testcase name="validLoginTest" time="67.731" classname="com.training.sanity.tests.Med_RTTC_054"/>
</testsuite> <!-- com.training.sanity.tests.Med_RTTC_054 -->
