<?xml version="1.0" encoding="UTF-8"?>
<!-- Generated by org.testng.reporters.JUnitReportReporter -->
<testsuite skipped="0" hostname="sasmisah" name="com.training.sanity.tests.complex_RTTC_085" tests="4" failures="0" timestamp="12 Jul 2019 12:05:58 GMT" time="78.410" errors="0">
  <testcase name="validLoginTest" time="19.013" classname="com.training.sanity.tests.complex_RTTC_085"/>
  <testcase name="validLoginTest" time="20.548" classname="com.training.sanity.tests.complex_RTTC_085"/>
  <testcase name="validLoginTest" time="18.643" classname="com.training.sanity.tests.complex_RTTC_085"/>
  <testcase name="validLoginTest" time="20.206" classname="com.training.sanity.tests.complex_RTTC_085"/>
</testsuite> <!-- com.training.sanity.tests.complex_RTTC_085 -->
