<?xml version="1.0" encoding="UTF-8"?>
<!-- Generated by org.testng.reporters.JUnitReportReporter -->
<testsuite skipped="0" hostname="sasmisah" name="com.training.sanity.tests.Med_RTTC_053" tests="1" failures="0" timestamp="08 Jul 2019 09:55:01 GMT" time="24.794" errors="0">
  <testcase name="validLoginTest" time="24.794" classname="com.training.sanity.tests.Med_RTTC_053"/>
</testsuite> <!-- com.training.sanity.tests.Med_RTTC_053 -->
