<?xml version="1.0" encoding="UTF-8"?>
<!-- Generated by org.testng.reporters.JUnitReportReporter -->
<testsuite skipped="0" hostname="sasmisah" name="com.training.sanity.tests.Med_RTTC_051" tests="1" failures="0" timestamp="08 Jul 2019 09:50:39 GMT" time="149.445" errors="0">
  <testcase name="validLoginTest" time="149.445" classname="com.training.sanity.tests.Med_RTTC_051"/>
</testsuite> <!-- com.training.sanity.tests.Med_RTTC_051 -->
