<?xml version="1.0" encoding="UTF-8"?>
<!-- Generated by org.testng.reporters.JUnitReportReporter -->
<testsuite skipped="0" hostname="sasmisah" name="com.training.sanity.tests.Med_RTTC_052" tests="1" failures="0" timestamp="08 Jul 2019 09:53:37 GMT" time="72.682" errors="0">
  <testcase name="validLoginTest" time="72.682" classname="com.training.sanity.tests.Med_RTTC_052"/>
</testsuite> <!-- com.training.sanity.tests.Med_RTTC_052 -->
