<?xml version="1.0" encoding="UTF-8"?>
<!-- Generated by org.testng.reporters.JUnitReportReporter -->
<testsuite skipped="0" hostname="sasmisah" name="com.training.sanity.tests.Med_RTTC_053" tests="1" failures="0" timestamp="11 Jul 2019 05:29:10 GMT" time="48.629" errors="0">
  <testcase name="validLoginTest" time="48.629" classname="com.training.sanity.tests.Med_RTTC_053"/>
</testsuite> <!-- com.training.sanity.tests.Med_RTTC_053 -->
