<?xml version="1.0" encoding="UTF-8"?>
<!-- Generated by org.testng.reporters.JUnitReportReporter -->
<testsuite skipped="0" hostname="sasmisah" name="com.training.sanity.tests.RTTC_022" tests="1" failures="0" timestamp="28 Jun 2019 05:19:21 GMT" time="21.639" errors="0">
  <testcase name="validLoginTest" time="21.639" classname="com.training.sanity.tests.RTTC_022"/>
</testsuite> <!-- com.training.sanity.tests.RTTC_022 -->
