<?xml version="1.0" encoding="UTF-8"?>
<!-- Generated by org.testng.reporters.JUnitReportReporter -->
<testsuite skipped="0" hostname="sasmisah" name="com.training.sanity.tests.RTTC_021" tests="1" failures="0" timestamp="28 Jun 2019 05:44:11 GMT" time="29.184" errors="0">
  <testcase name="validLoginTest" time="29.184" classname="com.training.sanity.tests.RTTC_021"/>
</testsuite> <!-- com.training.sanity.tests.RTTC_021 -->
