<?xml version="1.0" encoding="UTF-8"?>
<!-- Generated by org.testng.reporters.JUnitReportReporter -->
<testsuite skipped="0" hostname="sasmisah" name="com.training.sanity.tests.RTTC_024" tests="1" failures="0" timestamp="28 Jun 2019 05:24:24 GMT" time="27.791" errors="0">
  <testcase name="validLoginTest" time="27.791" classname="com.training.sanity.tests.RTTC_024"/>
</testsuite> <!-- com.training.sanity.tests.RTTC_024 -->
